0 info it worked if it ends with ok
1 verbose cli [ 'node', '/usr/local/bin/npm', 'install', 'urlencoded' ]
2 info using npm@2.0.0-alpha-5
3 info using node@v0.10.30
4 verbose node symlink /usr/local/bin/node
5 warn package.json mandrill-api@1.0.41 No README data
6 verbose readDependencies using package.json deps
7 verbose cache add [ 'urlencoded', null ]
8 verbose cache add spec="urlencoded" args=["urlencoded",null]
9 verbose parsed spec { raw: 'urlencoded',
9 verbose parsed spec   scope: null,
9 verbose parsed spec   name: 'urlencoded',
9 verbose parsed spec   rawSpec: '',
9 verbose parsed spec   spec: '*',
9 verbose parsed spec   type: 'range' }
10 verbose addNamed [ 'urlencoded', '*' ]
11 verbose addNamed [ null, '*' ]
12 silly lockFile 81a072f2-urlencoded urlencoded@*
13 verbose lock urlencoded@* /Users/andy/.npm/81a072f2-urlencoded.lock
14 silly addNameRange { name: 'urlencoded', range: '*', hasData: false }
15 verbose mapToRegistry name urlencoded
16 verbose mapToRegistry uri https://registry.npmjs.org/urlencoded
17 verbose request where is /urlencoded
18 verbose request registry https://registry.npmjs.org/
19 verbose request id 2e6bd3e3d6bf7165
20 verbose request url raw /urlencoded
21 verbose request url resolving [ 'https://registry.npmjs.org/', './urlencoded' ]
22 verbose request url resolved https://registry.npmjs.org/urlencoded
23 verbose request where is https://registry.npmjs.org/urlencoded
24 verbose request no basic auth needed
25 info trying registry request attempt 1 at 14:30:52
26 http GET https://registry.npmjs.org/urlencoded
27 http 404 https://registry.npmjs.org/urlencoded
28 verbose headers { date: 'Tue, 11 Nov 2014 06:30:54 GMT',
28 verbose headers   server: 'CouchDB/1.5.0 (Erlang OTP/R16B03)',
28 verbose headers   'content-type': 'application/json',
28 verbose headers   'cache-control': 'max-age=0',
28 verbose headers   'content-length': '52',
28 verbose headers   'accept-ranges': 'bytes',
28 verbose headers   via: '1.1 varnish',
28 verbose headers   age: '0',
28 verbose headers   'x-served-by': 'cache-lax1433-LAX',
28 verbose headers   'x-cache': 'MISS',
28 verbose headers   'x-cache-hits': '0',
28 verbose headers   'x-timer': 'S1415687454.122963,VS0,VE180',
28 verbose headers   'keep-alive': 'timeout=10, max=50',
28 verbose headers   connection: 'Keep-Alive' }
29 silly registry.get cb [ 404,
29 silly registry.get   { date: 'Tue, 11 Nov 2014 06:30:54 GMT',
29 silly registry.get     server: 'CouchDB/1.5.0 (Erlang OTP/R16B03)',
29 silly registry.get     'content-type': 'application/json',
29 silly registry.get     'cache-control': 'max-age=0',
29 silly registry.get     'content-length': '52',
29 silly registry.get     'accept-ranges': 'bytes',
29 silly registry.get     via: '1.1 varnish',
29 silly registry.get     age: '0',
29 silly registry.get     'x-served-by': 'cache-lax1433-LAX',
29 silly registry.get     'x-cache': 'MISS',
29 silly registry.get     'x-cache-hits': '0',
29 silly registry.get     'x-timer': 'S1415687454.122963,VS0,VE180',
29 silly registry.get     'keep-alive': 'timeout=10, max=50',
29 silly registry.get     connection: 'Keep-Alive' } ]
30 silly lockFile 81a072f2-urlencoded urlencoded@*
31 silly lockFile 81a072f2-urlencoded urlencoded@*
32 error 404 404 Not Found: urlencoded
32 error 404
32 error 404 'urlencoded' is not in the npm registry.
32 error 404 You should bug the author to publish it
32 error 404 It was specified as a dependency of 'optiBPO'
32 error 404
32 error 404 Note that you can also install from a
32 error 404 tarball, folder, or http url, or git url.
33 error System Darwin 12.5.0
34 error command "node" "/usr/local/bin/npm" "install" "urlencoded"
35 error cwd /Users/andy/Desktop/Sites/optiBPO/optiBPO
36 error node -v v0.10.30
37 error npm -v 2.0.0-alpha-5
38 error code E404
39 verbose exit [ 1, true ]
